2020-08-25T13:03:10.194801+09:00 0 [Warning] [MY-011070] [Server] 'Disabling symbolic links using --skip-symbolic-links (or equivalent) is the default. Consider not using this option as it' is deprecated and will be removed in a future release.
2020-08-25T13:03:10.195073+09:00 0 [System] [MY-013169] [Server] /usr/sbin/mysqld (mysqld 8.0.20) initializing of server in progress as process 43
2020-08-25T13:03:10.214487+09:00 1 [System] [MY-013576] [InnoDB] InnoDB initialization has started.
2020-08-25T13:03:10.840379+09:00 1 [System] [MY-013577] [InnoDB] InnoDB initialization has ended.
2020-08-25T13:03:12.548984+09:00 6 [Warning] [MY-010453] [Server] root@localhost is created with an empty password ! Please consider switching off the --initialize-insecure option.
2020-08-25T13:03:20.574775+09:00 0 [Warning] [MY-011070] [Server] 'Disabling symbolic links using --skip-symbolic-links (or equivalent) is the default. Consider not using this option as it' is deprecated and will be removed in a future release.
2020-08-25T13:03:20.574982+09:00 0 [System] [MY-010116] [Server] /usr/sbin/mysqld (mysqld 8.0.20) starting as process 90
2020-08-25T13:03:20.603965+09:00 1 [System] [MY-013576] [InnoDB] InnoDB initialization has started.
2020-08-25T13:03:20.888024+09:00 1 [System] [MY-013577] [InnoDB] InnoDB initialization has ended.
2020-08-25T13:03:21.029531+09:00 0 [System] [MY-011323] [Server] X Plugin ready for connections. Socket: '/var/run/mysqld/mysqlx.sock'
2020-08-25T13:03:21.186957+09:00 0 [Warning] [MY-010068] [Server] CA certificate ca.pem is self signed.
2020-08-25T13:03:21.189886+09:00 0 [Warning] [MY-011810] [Server] Insecure configuration for --pid-file: Location '/var/run/mysqld' in the path is accessible to all OS users. Consider choosing a different directory.
2020-08-25T13:03:21.230002+09:00 0 [System] [MY-010931] [Server] /usr/sbin/mysqld: ready for connections. Version: '8.0.20'  socket: '/var/run/mysqld/mysqld.sock'  port: 0  MySQL Community Server - GPL.
2020-08-25T13:03:31.268507+09:00 14 [System] [MY-013172] [Server] Received SHUTDOWN from user root. Shutting down mysqld (Version: 8.0.20).
2020-08-25T13:03:33.564347+09:00 0 [System] [MY-010910] [Server] /usr/sbin/mysqld: Shutdown complete (mysqld 8.0.20)  MySQL Community Server - GPL.
2020-08-25T13:03:34.560674+09:00 0 [Warning] [MY-011070] [Server] 'Disabling symbolic links using --skip-symbolic-links (or equivalent) is the default. Consider not using this option as it' is deprecated and will be removed in a future release.
2020-08-25T13:03:34.560880+09:00 0 [System] [MY-010116] [Server] /usr/sbin/mysqld (mysqld 8.0.20) starting as process 1
2020-08-25T13:03:34.578068+09:00 1 [System] [MY-013576] [InnoDB] InnoDB initialization has started.
2020-08-25T13:03:34.851250+09:00 1 [System] [MY-013577] [InnoDB] InnoDB initialization has ended.
2020-08-25T13:03:34.981660+09:00 0 [System] [MY-011323] [Server] X Plugin ready for connections. Socket: '/var/run/mysqld/mysqlx.sock' bind-address: '::' port: 33060
2020-08-25T13:03:35.089225+09:00 0 [Warning] [MY-010068] [Server] CA certificate ca.pem is self signed.
2020-08-25T13:03:35.093317+09:00 0 [Warning] [MY-011810] [Server] Insecure configuration for --pid-file: Location '/var/run/mysqld' in the path is accessible to all OS users. Consider choosing a different directory.
2020-08-25T13:03:35.124109+09:00 0 [System] [MY-010931] [Server] /usr/sbin/mysqld: ready for connections. Version: '8.0.20'  socket: '/var/run/mysqld/mysqld.sock'  port: 3306  MySQL Community Server - GPL.
